<?xml version="1.0" encoding="UTF-8"?>
<!-- Generated by org.testng.reporters.JUnitReportReporter -->
<testsuite hostname="DESKTOP-EMUU5D0" failures="0" tests="4" name="testPack.Demo2" time="0.057" errors="0" timestamp="2022-07-02T09:18:50 IST" skipped="0">
  <testcase classname="testPack.Demo2" name="test1" time="0.037"/>
  <system-out/>
  <testcase classname="testPack.Demo2" name="test2" time="0.004"/>
  <system-out/>
  <testcase classname="testPack.Demo2" name="test2" time="0.003"/>
  <system-out/>
  <testcase classname="testPack.Demo2" name="test1" time="0.013"/>
  <system-out/>
</testsuite> <!-- testPack.Demo2 -->
