<?xml version="1.0" encoding="UTF-8"?>
<!-- Generated by org.testng.reporters.JUnitReportReporter -->
<testsuite hostname="DESKTOP-EMUU5D0" failures="0" tests="1" name="testPack.TestClassWithTNG" time="6.490" errors="0" timestamp="2022-06-26T11:10:07 IST" skipped="0">
  <testcase classname="testPack.TestClassWithTNG" name="ValidateHomePage" time="6.490"/>
  <system-out/>
</testsuite> <!-- testPack.TestClassWithTNG -->
