<?xml version="1.0" encoding="UTF-8"?>
<!-- Generated by org.testng.reporters.JUnitReportReporter -->
<testsuite hostname="DESKTOP-EMUU5D0" failures="0" tests="4" name="testPack.Demo" time="0.036" errors="0" timestamp="2022-07-02T09:18:50 IST" skipped="0">
  <testcase classname="testPack.Demo" name="test2" time="0.005"/>
  <system-out/>
  <testcase classname="testPack.Demo" name="test2" time="0.004"/>
  <system-out/>
  <testcase classname="testPack.Demo" name="test1" time="0.015"/>
  <system-out/>
  <testcase classname="testPack.Demo" name="test1" time="0.012"/>
  <system-out/>
</testsuite> <!-- testPack.Demo -->
